
*** Running vivado
    with args -log snake_top.vds -m64 -product Vivado -mode batch -messageDb vivado.pb -notrace -source snake_top.tcl



****** Vivado v2022.2 (64-bit)
  **** SW Build 3671981 on Fri Oct 14 05:00:03 MDT 2022
  **** IP Build 3669848 on Fri Oct 14 08:30:02 MDT 2022
    ** Copyright 1986-2022 Xilinx, Inc. All Rights Reserved.

source snake_top.tcl -notrace
create_project: Time (s): cpu = 00:00:05 ; elapsed = 00:00:06 . Memory (MB): peak = 382.270 ; gain = 44.250
Command: read_checkpoint -auto_incremental -incremental C:/Users/mavri/Documents/GitHub/VerilogSnake/Verilog_Snake/Verilog_Snake.srcs/utils_1/imports/synth_1/Font_test_top.dcp
INFO: [Vivado 12-5825] Read reference checkpoint from C:/Users/mavri/Documents/GitHub/VerilogSnake/Verilog_Snake/Verilog_Snake.srcs/utils_1/imports/synth_1/Font_test_top.dcp for incremental synthesis
INFO: [Vivado 12-7989] Please ensure there are no constraint changes
Command: synth_design -top snake_top -part xc7a100tcsg324-1
Starting synth_design
Attempting to get a license for feature 'Synthesis' and/or device 'xc7a100t'
INFO: [Common 17-349] Got license for feature 'Synthesis' and/or device 'xc7a100t'
INFO: [Device 21-403] Loading part xc7a100tcsg324-1
INFO: [Designutils 20-5440] No compile time benefit to using incremental synthesis; A full resynthesis will be run
INFO: [Designutils 20-4379] Flow is switching to default flow due to incremental criteria not met. If you would like to alter this behaviour and have the flow terminate instead, please set the following parameter config_implementation {autoIncr.Synth.RejectBehavior Terminate}
INFO: [Synth 8-7079] Multithreading enabled for synth_design using a maximum of 2 processes.
INFO: [Synth 8-7078] Launching helper process for spawning children vivado processes
INFO: [Synth 8-7075] Helper process launched with PID 249256
INFO: [Synth 8-11241] undeclared symbol 'REGCCE', assumed default net type 'wire' [C:/Xilinx/Vivado/2022.2/data/verilog/src/unimacro/BRAM_SINGLE_MACRO.v:2170]
INFO: [Synth 8-11241] undeclared symbol 'border_on', assumed default net type 'wire' [C:/Users/mavri/Documents/GitHub/VerilogSnake/Verilog_Snake/Verilog_Snake.srcs/sources_1/new/snake_graph_animate.v:105]
INFO: [Synth 8-11241] undeclared symbol 'clk_div', assumed default net type 'wire' [C:/Users/mavri/Documents/GitHub/VerilogSnake/Verilog_Snake/Verilog_Snake.srcs/sources_1/new/snake_top.v:25]
---------------------------------------------------------------------------------
Starting RTL Elaboration : Time (s): cpu = 00:00:06 ; elapsed = 00:00:07 . Memory (MB): peak = 1212.617 ; gain = 408.344
---------------------------------------------------------------------------------
INFO: [Synth 8-6157] synthesizing module 'snake_top' [C:/Users/mavri/Documents/GitHub/VerilogSnake/Verilog_Snake/Verilog_Snake.srcs/sources_1/new/snake_top.v:15]
INFO: [Synth 8-6157] synthesizing module 'clk_dvdr' [C:/Users/mavri/Documents/GitHub/VerilogSnake/Verilog_Snake/Verilog_Snake.srcs/sources_1/new/clk_dvdr.v:16]
INFO: [Synth 8-6155] done synthesizing module 'clk_dvdr' (0#1) [C:/Users/mavri/Documents/GitHub/VerilogSnake/Verilog_Snake/Verilog_Snake.srcs/sources_1/new/clk_dvdr.v:16]
INFO: [Synth 8-6157] synthesizing module 'vga_sync' [C:/Users/mavri/Documents/GitHub/VerilogSnake/Verilog_Snake/Verilog_Snake.srcs/sources_1/new/vga_sync.v:24]
INFO: [Synth 8-6155] done synthesizing module 'vga_sync' (0#1) [C:/Users/mavri/Documents/GitHub/VerilogSnake/Verilog_Snake/Verilog_Snake.srcs/sources_1/new/vga_sync.v:24]
INFO: [Synth 8-6157] synthesizing module 'snake_graph_animate' [C:/Users/mavri/Documents/GitHub/VerilogSnake/Verilog_Snake/Verilog_Snake.srcs/sources_1/new/snake_graph_animate.v:23]
WARNING: [Synth 8-639] system function call 'urandom_range' not supported [C:/Users/mavri/Documents/GitHub/VerilogSnake/Verilog_Snake/Verilog_Snake.srcs/sources_1/new/snake_graph_animate.v:124]
WARNING: [Synth 8-639] system function call 'urandom_range' not supported [C:/Users/mavri/Documents/GitHub/VerilogSnake/Verilog_Snake/Verilog_Snake.srcs/sources_1/new/snake_graph_animate.v:125]
WARNING: [Synth 8-639] system function call 'urandom_range' not supported [C:/Users/mavri/Documents/GitHub/VerilogSnake/Verilog_Snake/Verilog_Snake.srcs/sources_1/new/snake_graph_animate.v:305]
WARNING: [Synth 8-639] system function call 'urandom_range' not supported [C:/Users/mavri/Documents/GitHub/VerilogSnake/Verilog_Snake/Verilog_Snake.srcs/sources_1/new/snake_graph_animate.v:306]
INFO: [Synth 8-6155] done synthesizing module 'snake_graph_animate' (0#1) [C:/Users/mavri/Documents/GitHub/VerilogSnake/Verilog_Snake/Verilog_Snake.srcs/sources_1/new/snake_graph_animate.v:23]
WARNING: [Synth 8-689] width (13) of port connection 'rgb' does not match port width (12) of module 'snake_graph_animate' [C:/Users/mavri/Documents/GitHub/VerilogSnake/Verilog_Snake/Verilog_Snake.srcs/sources_1/new/snake_top.v:45]
WARNING: [Synth 8-7071] port 'apple_x' of module 'snake_graph_animate' is unconnected for instance 'snake_graph' [C:/Users/mavri/Documents/GitHub/VerilogSnake/Verilog_Snake/Verilog_Snake.srcs/sources_1/new/snake_top.v:43]
WARNING: [Synth 8-7071] port 'apple_y' of module 'snake_graph_animate' is unconnected for instance 'snake_graph' [C:/Users/mavri/Documents/GitHub/VerilogSnake/Verilog_Snake/Verilog_Snake.srcs/sources_1/new/snake_top.v:43]
WARNING: [Synth 8-7023] instance 'snake_graph' of module 'snake_graph_animate' has 10 connections declared, but only 8 given [C:/Users/mavri/Documents/GitHub/VerilogSnake/Verilog_Snake/Verilog_Snake.srcs/sources_1/new/snake_top.v:43]
INFO: [Synth 8-6155] done synthesizing module 'snake_top' (0#1) [C:/Users/mavri/Documents/GitHub/VerilogSnake/Verilog_Snake/Verilog_Snake.srcs/sources_1/new/snake_top.v:15]
WARNING: [Synth 8-6014] Unused sequential element FRUIT_X_REG_reg was removed.  [C:/Users/mavri/Documents/GitHub/VerilogSnake/Verilog_Snake/Verilog_Snake.srcs/sources_1/new/snake_graph_animate.v:124]
WARNING: [Synth 8-6014] Unused sequential element FRUIT_Y_REG_reg was removed.  [C:/Users/mavri/Documents/GitHub/VerilogSnake/Verilog_Snake/Verilog_Snake.srcs/sources_1/new/snake_graph_animate.v:125]
WARNING: [Synth 8-6014] Unused sequential element turns1x_reg was removed.  [C:/Users/mavri/Documents/GitHub/VerilogSnake/Verilog_Snake/Verilog_Snake.srcs/sources_1/new/snake_graph_animate.v:128]
WARNING: [Synth 8-6014] Unused sequential element turns1y_reg was removed.  [C:/Users/mavri/Documents/GitHub/VerilogSnake/Verilog_Snake/Verilog_Snake.srcs/sources_1/new/snake_graph_animate.v:129]
WARNING: [Synth 8-6014] Unused sequential element turn_x_temp_reg was removed.  [C:/Users/mavri/Documents/GitHub/VerilogSnake/Verilog_Snake/Verilog_Snake.srcs/sources_1/new/snake_graph_animate.v:132]
WARNING: [Synth 8-6014] Unused sequential element turn_y_temp_reg was removed.  [C:/Users/mavri/Documents/GitHub/VerilogSnake/Verilog_Snake/Verilog_Snake.srcs/sources_1/new/snake_graph_animate.v:133]
WARNING: [Synth 8-6014] Unused sequential element snake_on_reg was removed.  [C:/Users/mavri/Documents/GitHub/VerilogSnake/Verilog_Snake/Verilog_Snake.srcs/sources_1/new/snake_graph_animate.v:143]
WARNING: [Synth 8-6014] Unused sequential element turns1x_reg was removed.  [C:/Users/mavri/Documents/GitHub/VerilogSnake/Verilog_Snake/Verilog_Snake.srcs/sources_1/new/snake_graph_animate.v:229]
WARNING: [Synth 8-6014] Unused sequential element turns1y_reg was removed.  [C:/Users/mavri/Documents/GitHub/VerilogSnake/Verilog_Snake/Verilog_Snake.srcs/sources_1/new/snake_graph_animate.v:230]
WARNING: [Synth 8-6014] Unused sequential element FRUIT_X_NEXT_reg was removed.  [C:/Users/mavri/Documents/GitHub/VerilogSnake/Verilog_Snake/Verilog_Snake.srcs/sources_1/new/snake_graph_animate.v:305]
WARNING: [Synth 8-6014] Unused sequential element FRUIT_Y_NEXT_reg was removed.  [C:/Users/mavri/Documents/GitHub/VerilogSnake/Verilog_Snake/Verilog_Snake.srcs/sources_1/new/snake_graph_animate.v:306]
WARNING: [Synth 8-6014] Unused sequential element turn_x_temp_reg was removed.  [C:/Users/mavri/Documents/GitHub/VerilogSnake/Verilog_Snake/Verilog_Snake.srcs/sources_1/new/snake_graph_animate.v:362]
WARNING: [Synth 8-6014] Unused sequential element turn_y_temp_reg was removed.  [C:/Users/mavri/Documents/GitHub/VerilogSnake/Verilog_Snake/Verilog_Snake.srcs/sources_1/new/snake_graph_animate.v:363]
WARNING: [Synth 8-6014] Unused sequential element snake_on_reg was removed.  [C:/Users/mavri/Documents/GitHub/VerilogSnake/Verilog_Snake/Verilog_Snake.srcs/sources_1/new/snake_graph_animate.v:401]
WARNING: [Synth 8-6014] Unused sequential element fruit_on_reg was removed.  [C:/Users/mavri/Documents/GitHub/VerilogSnake/Verilog_Snake/Verilog_Snake.srcs/sources_1/new/snake_graph_animate.v:402]
WARNING: [Synth 8-7137] Register direction_reg in module snake_graph_animate has both Set and reset with same priority. This may cause simulation mismatches. Consider rewriting code  [C:/Users/mavri/Documents/GitHub/VerilogSnake/Verilog_Snake/Verilog_Snake.srcs/sources_1/new/snake_graph_animate.v:316]
WARNING: [Synth 8-7137] Register turns_reg in module snake_graph_animate has both Set and reset with same priority. This may cause simulation mismatches. Consider rewriting code  [C:/Users/mavri/Documents/GitHub/VerilogSnake/Verilog_Snake/Verilog_Snake.srcs/sources_1/new/snake_graph_animate.v:322]
WARNING: [Synth 8-3848] Net eaten in module/entity snake_top does not have driver. [C:/Users/mavri/Documents/GitHub/VerilogSnake/Verilog_Snake/Verilog_Snake.srcs/sources_1/new/snake_top.v:21]
WARNING: [Synth 8-7129] Port rst in module clk_dvdr is either unconnected or has no load
---------------------------------------------------------------------------------
Finished RTL Elaboration : Time (s): cpu = 00:00:09 ; elapsed = 00:00:11 . Memory (MB): peak = 1331.582 ; gain = 527.309
---------------------------------------------------------------------------------
---------------------------------------------------------------------------------
Start Handling Custom Attributes
---------------------------------------------------------------------------------
---------------------------------------------------------------------------------
Finished Handling Custom Attributes : Time (s): cpu = 00:00:10 ; elapsed = 00:00:11 . Memory (MB): peak = 1331.582 ; gain = 527.309
---------------------------------------------------------------------------------
---------------------------------------------------------------------------------
Finished RTL Optimization Phase 1 : Time (s): cpu = 00:00:10 ; elapsed = 00:00:11 . Memory (MB): peak = 1331.582 ; gain = 527.309
---------------------------------------------------------------------------------
Netlist sorting complete. Time (s): cpu = 00:00:00 ; elapsed = 00:00:00.082 . Memory (MB): peak = 1331.582 ; gain = 0.000
INFO: [Project 1-570] Preparing netlist for logic optimization

Processing XDC Constraints
Initializing timing engine
Parsing XDC File [C:/Users/mavri/Documents/GitHub/VerilogSnake/Verilog_Snake/Verilog_Snake.srcs/constrs_1/NexysA7-100t.xdc]
Finished Parsing XDC File [C:/Users/mavri/Documents/GitHub/VerilogSnake/Verilog_Snake/Verilog_Snake.srcs/constrs_1/NexysA7-100t.xdc]
INFO: [Project 1-236] Implementation specific constraints were found while reading constraint file [C:/Users/mavri/Documents/GitHub/VerilogSnake/Verilog_Snake/Verilog_Snake.srcs/constrs_1/NexysA7-100t.xdc]. These constraints will be ignored for synthesis but will be used in implementation. Impacted constraints are listed in the file [.Xil/snake_top_propImpl.xdc].
Resolution: To avoid this warning, move constraints listed in [.Xil/snake_top_propImpl.xdc] to another XDC file and exclude this new file from synthesis with the used_in_synthesis property (File Properties dialog in GUI) and re-run elaboration/synthesis.
Parsing XDC File [C:/Users/mavri/Documents/GitHub/VerilogSnake/Verilog_Snake/Verilog_Snake.srcs/constrs_1/VGA_TOP_CONSTRAINT.xdc]
Finished Parsing XDC File [C:/Users/mavri/Documents/GitHub/VerilogSnake/Verilog_Snake/Verilog_Snake.srcs/constrs_1/VGA_TOP_CONSTRAINT.xdc]
INFO: [Project 1-236] Implementation specific constraints were found while reading constraint file [C:/Users/mavri/Documents/GitHub/VerilogSnake/Verilog_Snake/Verilog_Snake.srcs/constrs_1/VGA_TOP_CONSTRAINT.xdc]. These constraints will be ignored for synthesis but will be used in implementation. Impacted constraints are listed in the file [.Xil/snake_top_propImpl.xdc].
Resolution: To avoid this warning, move constraints listed in [.Xil/snake_top_propImpl.xdc] to another XDC file and exclude this new file from synthesis with the used_in_synthesis property (File Properties dialog in GUI) and re-run elaboration/synthesis.
Completed Processing XDC Constraints

Netlist sorting complete. Time (s): cpu = 00:00:00 ; elapsed = 00:00:00 . Memory (MB): peak = 1439.387 ; gain = 0.000
INFO: [Project 1-111] Unisim Transformation Summary:
No Unisim elements were transformed.

Constraint Validation Runtime : Time (s): cpu = 00:00:00 ; elapsed = 00:00:00.016 . Memory (MB): peak = 1439.387 ; gain = 0.000
INFO: [Designutils 20-5440] No compile time benefit to using incremental synthesis; A full resynthesis will be run
INFO: [Designutils 20-4379] Flow is switching to default flow due to incremental criteria not met. If you would like to alter this behaviour and have the flow terminate instead, please set the following parameter config_implementation {autoIncr.Synth.RejectBehavior Terminate}
INFO: [Synth 8-11241] undeclared symbol 'REGCCE', assumed default net type 'wire' [C:/Xilinx/Vivado/2022.2/data/verilog/src/unimacro/BRAM_SINGLE_MACRO.v:2170]
---------------------------------------------------------------------------------
Finished Constraint Validation : Time (s): cpu = 00:00:18 ; elapsed = 00:00:20 . Memory (MB): peak = 1439.387 ; gain = 635.113
---------------------------------------------------------------------------------
---------------------------------------------------------------------------------
Start Loading Part and Timing Information
---------------------------------------------------------------------------------
Loading part: xc7a100tcsg324-1
---------------------------------------------------------------------------------
Finished Loading Part and Timing Information : Time (s): cpu = 00:00:19 ; elapsed = 00:00:20 . Memory (MB): peak = 1439.387 ; gain = 635.113
---------------------------------------------------------------------------------
---------------------------------------------------------------------------------
Start Applying 'set_property' XDC Constraints
---------------------------------------------------------------------------------
---------------------------------------------------------------------------------
Finished applying 'set_property' XDC Constraints : Time (s): cpu = 00:00:19 ; elapsed = 00:00:20 . Memory (MB): peak = 1439.387 ; gain = 635.113
---------------------------------------------------------------------------------
---------------------------------------------------------------------------------
Finished RTL Optimization Phase 2 : Time (s): cpu = 00:00:20 ; elapsed = 00:00:22 . Memory (MB): peak = 1439.387 ; gain = 635.113
---------------------------------------------------------------------------------
---------------------------------------------------------------------------------
Start RTL Component Statistics 
---------------------------------------------------------------------------------
Detailed RTL Component Info : 
+---Adders : 
	   2 Input   10 Bit       Adders := 6     
	   2 Input    5 Bit       Adders := 1     
	   3 Input    5 Bit       Adders := 1     
+---Registers : 
	               12 Bit    Registers := 1     
	               10 Bit    Registers := 6     
	                5 Bit    Registers := 1     
	                4 Bit    Registers := 1     
	                1 Bit    Registers := 9     
+---Muxes : 
	   5 Input  320 Bit        Muxes := 2     
	   2 Input  320 Bit        Muxes := 6     
	   2 Input   32 Bit        Muxes := 60    
	   5 Input   12 Bit        Muxes := 1     
	   2 Input   10 Bit        Muxes := 82    
	   5 Input    5 Bit        Muxes := 1     
	   2 Input    5 Bit        Muxes := 1     
	   4 Input    4 Bit        Muxes := 1     
	   2 Input    4 Bit        Muxes := 3     
	   2 Input    1 Bit        Muxes := 187   
	   5 Input    1 Bit        Muxes := 2     
---------------------------------------------------------------------------------
Finished RTL Component Statistics 
---------------------------------------------------------------------------------
---------------------------------------------------------------------------------
Start Part Resource Summary
---------------------------------------------------------------------------------
Part Resources:
DSPs: 240 (col length:80)
BRAMs: 270 (col length: RAMB18 80 RAMB36 40)
---------------------------------------------------------------------------------
Finished Part Resource Summary
---------------------------------------------------------------------------------
---------------------------------------------------------------------------------
Start Cross Boundary and Area Optimization
---------------------------------------------------------------------------------
WARNING: [Synth 8-7080] Parallel synthesis criteria is not met
CRITICAL WARNING: [Synth 8-6859] multi-driven net on pin Q with 1st driver pin 'snake_graph/snake_parts_reg[29]__0/Q' [C:/Users/mavri/Documents/GitHub/VerilogSnake/Verilog_Snake/Verilog_Snake.srcs/sources_1/new/snake_graph_animate.v:146]
CRITICAL WARNING: [Synth 8-6859] multi-driven net on pin Q with 2nd driver pin 'GND' [C:/Users/mavri/Documents/GitHub/VerilogSnake/Verilog_Snake/Verilog_Snake.srcs/sources_1/new/snake_graph_animate.v:146]
CRITICAL WARNING: [Synth 8-6858] multi-driven net Q is connected to at least one constant driver which has been preserved, other driver is ignored [C:/Users/mavri/Documents/GitHub/VerilogSnake/Verilog_Snake/Verilog_Snake.srcs/sources_1/new/snake_graph_animate.v:146]
CRITICAL WARNING: [Synth 8-6859] multi-driven net on pin Q with 1st driver pin 'snake_graph/snake_parts_reg[28]__0/Q' [C:/Users/mavri/Documents/GitHub/VerilogSnake/Verilog_Snake/Verilog_Snake.srcs/sources_1/new/snake_graph_animate.v:146]
CRITICAL WARNING: [Synth 8-6859] multi-driven net on pin Q with 2nd driver pin 'GND' [C:/Users/mavri/Documents/GitHub/VerilogSnake/Verilog_Snake/Verilog_Snake.srcs/sources_1/new/snake_graph_animate.v:146]
CRITICAL WARNING: [Synth 8-6858] multi-driven net Q is connected to at least one constant driver which has been preserved, other driver is ignored [C:/Users/mavri/Documents/GitHub/VerilogSnake/Verilog_Snake/Verilog_Snake.srcs/sources_1/new/snake_graph_animate.v:146]
CRITICAL WARNING: [Synth 8-6859] multi-driven net on pin Q with 1st driver pin 'snake_graph/snake_parts_reg[26]__0/Q' [C:/Users/mavri/Documents/GitHub/VerilogSnake/Verilog_Snake/Verilog_Snake.srcs/sources_1/new/snake_graph_animate.v:146]
CRITICAL WARNING: [Synth 8-6859] multi-driven net on pin Q with 2nd driver pin 'GND' [C:/Users/mavri/Documents/GitHub/VerilogSnake/Verilog_Snake/Verilog_Snake.srcs/sources_1/new/snake_graph_animate.v:146]
CRITICAL WARNING: [Synth 8-6858] multi-driven net Q is connected to at least one constant driver which has been preserved, other driver is ignored [C:/Users/mavri/Documents/GitHub/VerilogSnake/Verilog_Snake/Verilog_Snake.srcs/sources_1/new/snake_graph_animate.v:146]
CRITICAL WARNING: [Synth 8-6859] multi-driven net on pin Q with 1st driver pin 'snake_graph/snake_parts_reg[25]__0/Q' [C:/Users/mavri/Documents/GitHub/VerilogSnake/Verilog_Snake/Verilog_Snake.srcs/sources_1/new/snake_graph_animate.v:146]
CRITICAL WARNING: [Synth 8-6859] multi-driven net on pin Q with 2nd driver pin 'GND' [C:/Users/mavri/Documents/GitHub/VerilogSnake/Verilog_Snake/Verilog_Snake.srcs/sources_1/new/snake_graph_animate.v:146]
CRITICAL WARNING: [Synth 8-6858] multi-driven net Q is connected to at least one constant driver which has been preserved, other driver is ignored [C:/Users/mavri/Documents/GitHub/VerilogSnake/Verilog_Snake/Verilog_Snake.srcs/sources_1/new/snake_graph_animate.v:146]
CRITICAL WARNING: [Synth 8-6859] multi-driven net on pin Q with 1st driver pin 'snake_graph/snake_parts_reg[24]__0/Q' [C:/Users/mavri/Documents/GitHub/VerilogSnake/Verilog_Snake/Verilog_Snake.srcs/sources_1/new/snake_graph_animate.v:146]
CRITICAL WARNING: [Synth 8-6859] multi-driven net on pin Q with 2nd driver pin 'GND' [C:/Users/mavri/Documents/GitHub/VerilogSnake/Verilog_Snake/Verilog_Snake.srcs/sources_1/new/snake_graph_animate.v:146]
CRITICAL WARNING: [Synth 8-6858] multi-driven net Q is connected to at least one constant driver which has been preserved, other driver is ignored [C:/Users/mavri/Documents/GitHub/VerilogSnake/Verilog_Snake/Verilog_Snake.srcs/sources_1/new/snake_graph_animate.v:146]
CRITICAL WARNING: [Synth 8-6859] multi-driven net on pin Q with 1st driver pin 'snake_graph/snake_parts_reg[23]__0/Q' [C:/Users/mavri/Documents/GitHub/VerilogSnake/Verilog_Snake/Verilog_Snake.srcs/sources_1/new/snake_graph_animate.v:146]
CRITICAL WARNING: [Synth 8-6859] multi-driven net on pin Q with 2nd driver pin 'GND' [C:/Users/mavri/Documents/GitHub/VerilogSnake/Verilog_Snake/Verilog_Snake.srcs/sources_1/new/snake_graph_animate.v:146]
CRITICAL WARNING: [Synth 8-6858] multi-driven net Q is connected to at least one constant driver which has been preserved, other driver is ignored [C:/Users/mavri/Documents/GitHub/VerilogSnake/Verilog_Snake/Verilog_Snake.srcs/sources_1/new/snake_graph_animate.v:146]
CRITICAL WARNING: [Synth 8-6859] multi-driven net on pin Q with 1st driver pin 'snake_graph/snake_parts_reg[22]__0/Q' [C:/Users/mavri/Documents/GitHub/VerilogSnake/Verilog_Snake/Verilog_Snake.srcs/sources_1/new/snake_graph_animate.v:146]
CRITICAL WARNING: [Synth 8-6859] multi-driven net on pin Q with 2nd driver pin 'GND' [C:/Users/mavri/Documents/GitHub/VerilogSnake/Verilog_Snake/Verilog_Snake.srcs/sources_1/new/snake_graph_animate.v:146]
CRITICAL WARNING: [Synth 8-6858] multi-driven net Q is connected to at least one constant driver which has been preserved, other driver is ignored [C:/Users/mavri/Documents/GitHub/VerilogSnake/Verilog_Snake/Verilog_Snake.srcs/sources_1/new/snake_graph_animate.v:146]
CRITICAL WARNING: [Synth 8-6859] multi-driven net on pin Q with 1st driver pin 'snake_graph/snake_parts_reg[21]__0/Q' [C:/Users/mavri/Documents/GitHub/VerilogSnake/Verilog_Snake/Verilog_Snake.srcs/sources_1/new/snake_graph_animate.v:146]
CRITICAL WARNING: [Synth 8-6859] multi-driven net on pin Q with 2nd driver pin 'GND' [C:/Users/mavri/Documents/GitHub/VerilogSnake/Verilog_Snake/Verilog_Snake.srcs/sources_1/new/snake_graph_animate.v:146]
CRITICAL WARNING: [Synth 8-6858] multi-driven net Q is connected to at least one constant driver which has been preserved, other driver is ignored [C:/Users/mavri/Documents/GitHub/VerilogSnake/Verilog_Snake/Verilog_Snake.srcs/sources_1/new/snake_graph_animate.v:146]
CRITICAL WARNING: [Synth 8-6859] multi-driven net on pin Q with 1st driver pin 'snake_graph/snake_parts_reg[20]__0/Q' [C:/Users/mavri/Documents/GitHub/VerilogSnake/Verilog_Snake/Verilog_Snake.srcs/sources_1/new/snake_graph_animate.v:146]
CRITICAL WARNING: [Synth 8-6859] multi-driven net on pin Q with 2nd driver pin 'GND' [C:/Users/mavri/Documents/GitHub/VerilogSnake/Verilog_Snake/Verilog_Snake.srcs/sources_1/new/snake_graph_animate.v:146]
CRITICAL WARNING: [Synth 8-6858] multi-driven net Q is connected to at least one constant driver which has been preserved, other driver is ignored [C:/Users/mavri/Documents/GitHub/VerilogSnake/Verilog_Snake/Verilog_Snake.srcs/sources_1/new/snake_graph_animate.v:146]
CRITICAL WARNING: [Synth 8-6859] multi-driven net on pin Q with 1st driver pin 'snake_graph/snake_parts_reg[19]__0/Q' [C:/Users/mavri/Documents/GitHub/VerilogSnake/Verilog_Snake/Verilog_Snake.srcs/sources_1/new/snake_graph_animate.v:146]
CRITICAL WARNING: [Synth 8-6859] multi-driven net on pin Q with 2nd driver pin 'GND' [C:/Users/mavri/Documents/GitHub/VerilogSnake/Verilog_Snake/Verilog_Snake.srcs/sources_1/new/snake_graph_animate.v:146]
CRITICAL WARNING: [Synth 8-6858] multi-driven net Q is connected to at least one constant driver which has been preserved, other driver is ignored [C:/Users/mavri/Documents/GitHub/VerilogSnake/Verilog_Snake/Verilog_Snake.srcs/sources_1/new/snake_graph_animate.v:146]
CRITICAL WARNING: [Synth 8-6859] multi-driven net on pin Q with 1st driver pin 'snake_graph/snake_parts_reg[18]__0/Q' [C:/Users/mavri/Documents/GitHub/VerilogSnake/Verilog_Snake/Verilog_Snake.srcs/sources_1/new/snake_graph_animate.v:146]
CRITICAL WARNING: [Synth 8-6859] multi-driven net on pin Q with 2nd driver pin 'GND' [C:/Users/mavri/Documents/GitHub/VerilogSnake/Verilog_Snake/Verilog_Snake.srcs/sources_1/new/snake_graph_animate.v:146]
CRITICAL WARNING: [Synth 8-6858] multi-driven net Q is connected to at least one constant driver which has been preserved, other driver is ignored [C:/Users/mavri/Documents/GitHub/VerilogSnake/Verilog_Snake/Verilog_Snake.srcs/sources_1/new/snake_graph_animate.v:146]
CRITICAL WARNING: [Synth 8-6859] multi-driven net on pin Q with 1st driver pin 'snake_graph/snake_parts_reg[17]__0/Q' [C:/Users/mavri/Documents/GitHub/VerilogSnake/Verilog_Snake/Verilog_Snake.srcs/sources_1/new/snake_graph_animate.v:146]
CRITICAL WARNING: [Synth 8-6859] multi-driven net on pin Q with 2nd driver pin 'GND' [C:/Users/mavri/Documents/GitHub/VerilogSnake/Verilog_Snake/Verilog_Snake.srcs/sources_1/new/snake_graph_animate.v:146]
CRITICAL WARNING: [Synth 8-6858] multi-driven net Q is connected to at least one constant driver which has been preserved, other driver is ignored [C:/Users/mavri/Documents/GitHub/VerilogSnake/Verilog_Snake/Verilog_Snake.srcs/sources_1/new/snake_graph_animate.v:146]
CRITICAL WARNING: [Synth 8-6859] multi-driven net on pin Q with 1st driver pin 'snake_graph/snake_parts_reg[16]__0/Q' [C:/Users/mavri/Documents/GitHub/VerilogSnake/Verilog_Snake/Verilog_Snake.srcs/sources_1/new/snake_graph_animate.v:146]
CRITICAL WARNING: [Synth 8-6859] multi-driven net on pin Q with 2nd driver pin 'GND' [C:/Users/mavri/Documents/GitHub/VerilogSnake/Verilog_Snake/Verilog_Snake.srcs/sources_1/new/snake_graph_animate.v:146]
CRITICAL WARNING: [Synth 8-6858] multi-driven net Q is connected to at least one constant driver which has been preserved, other driver is ignored [C:/Users/mavri/Documents/GitHub/VerilogSnake/Verilog_Snake/Verilog_Snake.srcs/sources_1/new/snake_graph_animate.v:146]
CRITICAL WARNING: [Synth 8-6859] multi-driven net on pin Q with 1st driver pin 'snake_graph/snake_parts_reg[15]__0/Q' [C:/Users/mavri/Documents/GitHub/VerilogSnake/Verilog_Snake/Verilog_Snake.srcs/sources_1/new/snake_graph_animate.v:146]
CRITICAL WARNING: [Synth 8-6859] multi-driven net on pin Q with 2nd driver pin 'GND' [C:/Users/mavri/Documents/GitHub/VerilogSnake/Verilog_Snake/Verilog_Snake.srcs/sources_1/new/snake_graph_animate.v:146]
CRITICAL WARNING: [Synth 8-6858] multi-driven net Q is connected to at least one constant driver which has been preserved, other driver is ignored [C:/Users/mavri/Documents/GitHub/VerilogSnake/Verilog_Snake/Verilog_Snake.srcs/sources_1/new/snake_graph_animate.v:146]
CRITICAL WARNING: [Synth 8-6859] multi-driven net on pin Q with 1st driver pin 'snake_graph/snake_parts_reg[14]__0/Q' [C:/Users/mavri/Documents/GitHub/VerilogSnake/Verilog_Snake/Verilog_Snake.srcs/sources_1/new/snake_graph_animate.v:146]
CRITICAL WARNING: [Synth 8-6859] multi-driven net on pin Q with 2nd driver pin 'GND' [C:/Users/mavri/Documents/GitHub/VerilogSnake/Verilog_Snake/Verilog_Snake.srcs/sources_1/new/snake_graph_animate.v:146]
CRITICAL WARNING: [Synth 8-6858] multi-driven net Q is connected to at least one constant driver which has been preserved, other driver is ignored [C:/Users/mavri/Documents/GitHub/VerilogSnake/Verilog_Snake/Verilog_Snake.srcs/sources_1/new/snake_graph_animate.v:146]
CRITICAL WARNING: [Synth 8-6859] multi-driven net on pin Q with 1st driver pin 'snake_graph/snake_parts_reg[13]__0/Q' [C:/Users/mavri/Documents/GitHub/VerilogSnake/Verilog_Snake/Verilog_Snake.srcs/sources_1/new/snake_graph_animate.v:146]
CRITICAL WARNING: [Synth 8-6859] multi-driven net on pin Q with 2nd driver pin 'GND' [C:/Users/mavri/Documents/GitHub/VerilogSnake/Verilog_Snake/Verilog_Snake.srcs/sources_1/new/snake_graph_animate.v:146]
CRITICAL WARNING: [Synth 8-6858] multi-driven net Q is connected to at least one constant driver which has been preserved, other driver is ignored [C:/Users/mavri/Documents/GitHub/VerilogSnake/Verilog_Snake/Verilog_Snake.srcs/sources_1/new/snake_graph_animate.v:146]
CRITICAL WARNING: [Synth 8-6859] multi-driven net on pin Q with 1st driver pin 'snake_graph/snake_parts_reg[12]__0/Q' [C:/Users/mavri/Documents/GitHub/VerilogSnake/Verilog_Snake/Verilog_Snake.srcs/sources_1/new/snake_graph_animate.v:146]
CRITICAL WARNING: [Synth 8-6859] multi-driven net on pin Q with 2nd driver pin 'GND' [C:/Users/mavri/Documents/GitHub/VerilogSnake/Verilog_Snake/Verilog_Snake.srcs/sources_1/new/snake_graph_animate.v:146]
CRITICAL WARNING: [Synth 8-6858] multi-driven net Q is connected to at least one constant driver which has been preserved, other driver is ignored [C:/Users/mavri/Documents/GitHub/VerilogSnake/Verilog_Snake/Verilog_Snake.srcs/sources_1/new/snake_graph_animate.v:146]
CRITICAL WARNING: [Synth 8-6859] multi-driven net on pin Q with 1st driver pin 'snake_graph/snake_parts_reg[11]__0/Q' [C:/Users/mavri/Documents/GitHub/VerilogSnake/Verilog_Snake/Verilog_Snake.srcs/sources_1/new/snake_graph_animate.v:146]
CRITICAL WARNING: [Synth 8-6859] multi-driven net on pin Q with 2nd driver pin 'GND' [C:/Users/mavri/Documents/GitHub/VerilogSnake/Verilog_Snake/Verilog_Snake.srcs/sources_1/new/snake_graph_animate.v:146]
CRITICAL WARNING: [Synth 8-6858] multi-driven net Q is connected to at least one constant driver which has been preserved, other driver is ignored [C:/Users/mavri/Documents/GitHub/VerilogSnake/Verilog_Snake/Verilog_Snake.srcs/sources_1/new/snake_graph_animate.v:146]
CRITICAL WARNING: [Synth 8-6859] multi-driven net on pin Q with 1st driver pin 'snake_graph/snake_parts_reg[10]__0/Q' [C:/Users/mavri/Documents/GitHub/VerilogSnake/Verilog_Snake/Verilog_Snake.srcs/sources_1/new/snake_graph_animate.v:146]
CRITICAL WARNING: [Synth 8-6859] multi-driven net on pin Q with 2nd driver pin 'GND' [C:/Users/mavri/Documents/GitHub/VerilogSnake/Verilog_Snake/Verilog_Snake.srcs/sources_1/new/snake_graph_animate.v:146]
CRITICAL WARNING: [Synth 8-6858] multi-driven net Q is connected to at least one constant driver which has been preserved, other driver is ignored [C:/Users/mavri/Documents/GitHub/VerilogSnake/Verilog_Snake/Verilog_Snake.srcs/sources_1/new/snake_graph_animate.v:146]
CRITICAL WARNING: [Synth 8-6859] multi-driven net on pin Q with 1st driver pin 'snake_graph/snake_parts_reg[9]__0/Q' [C:/Users/mavri/Documents/GitHub/VerilogSnake/Verilog_Snake/Verilog_Snake.srcs/sources_1/new/snake_graph_animate.v:146]
CRITICAL WARNING: [Synth 8-6859] multi-driven net on pin Q with 2nd driver pin 'GND' [C:/Users/mavri/Documents/GitHub/VerilogSnake/Verilog_Snake/Verilog_Snake.srcs/sources_1/new/snake_graph_animate.v:146]
CRITICAL WARNING: [Synth 8-6858] multi-driven net Q is connected to at least one constant driver which has been preserved, other driver is ignored [C:/Users/mavri/Documents/GitHub/VerilogSnake/Verilog_Snake/Verilog_Snake.srcs/sources_1/new/snake_graph_animate.v:146]
CRITICAL WARNING: [Synth 8-6859] multi-driven net on pin Q with 1st driver pin 'snake_graph/snake_parts_reg[8]__0/Q' [C:/Users/mavri/Documents/GitHub/VerilogSnake/Verilog_Snake/Verilog_Snake.srcs/sources_1/new/snake_graph_animate.v:146]
CRITICAL WARNING: [Synth 8-6859] multi-driven net on pin Q with 2nd driver pin 'GND' [C:/Users/mavri/Documents/GitHub/VerilogSnake/Verilog_Snake/Verilog_Snake.srcs/sources_1/new/snake_graph_animate.v:146]
CRITICAL WARNING: [Synth 8-6858] multi-driven net Q is connected to at least one constant driver which has been preserved, other driver is ignored [C:/Users/mavri/Documents/GitHub/VerilogSnake/Verilog_Snake/Verilog_Snake.srcs/sources_1/new/snake_graph_animate.v:146]
CRITICAL WARNING: [Synth 8-6859] multi-driven net on pin Q with 1st driver pin 'snake_graph/snake_parts_reg[7]__0/Q' [C:/Users/mavri/Documents/GitHub/VerilogSnake/Verilog_Snake/Verilog_Snake.srcs/sources_1/new/snake_graph_animate.v:146]
CRITICAL WARNING: [Synth 8-6859] multi-driven net on pin Q with 2nd driver pin 'GND' [C:/Users/mavri/Documents/GitHub/VerilogSnake/Verilog_Snake/Verilog_Snake.srcs/sources_1/new/snake_graph_animate.v:146]
CRITICAL WARNING: [Synth 8-6858] multi-driven net Q is connected to at least one constant driver which has been preserved, other driver is ignored [C:/Users/mavri/Documents/GitHub/VerilogSnake/Verilog_Snake/Verilog_Snake.srcs/sources_1/new/snake_graph_animate.v:146]
CRITICAL WARNING: [Synth 8-6859] multi-driven net on pin Q with 1st driver pin 'snake_graph/snake_parts_reg[6]__0/Q' [C:/Users/mavri/Documents/GitHub/VerilogSnake/Verilog_Snake/Verilog_Snake.srcs/sources_1/new/snake_graph_animate.v:146]
CRITICAL WARNING: [Synth 8-6859] multi-driven net on pin Q with 2nd driver pin 'GND' [C:/Users/mavri/Documents/GitHub/VerilogSnake/Verilog_Snake/Verilog_Snake.srcs/sources_1/new/snake_graph_animate.v:146]
CRITICAL WARNING: [Synth 8-6858] multi-driven net Q is connected to at least one constant driver which has been preserved, other driver is ignored [C:/Users/mavri/Documents/GitHub/VerilogSnake/Verilog_Snake/Verilog_Snake.srcs/sources_1/new/snake_graph_animate.v:146]
CRITICAL WARNING: [Synth 8-6859] multi-driven net on pin Q with 1st driver pin 'snake_graph/snake_parts_reg[5]__0/Q' [C:/Users/mavri/Documents/GitHub/VerilogSnake/Verilog_Snake/Verilog_Snake.srcs/sources_1/new/snake_graph_animate.v:146]
CRITICAL WARNING: [Synth 8-6859] multi-driven net on pin Q with 2nd driver pin 'GND' [C:/Users/mavri/Documents/GitHub/VerilogSnake/Verilog_Snake/Verilog_Snake.srcs/sources_1/new/snake_graph_animate.v:146]
CRITICAL WARNING: [Synth 8-6858] multi-driven net Q is connected to at least one constant driver which has been preserved, other driver is ignored [C:/Users/mavri/Documents/GitHub/VerilogSnake/Verilog_Snake/Verilog_Snake.srcs/sources_1/new/snake_graph_animate.v:146]
CRITICAL WARNING: [Synth 8-6859] multi-driven net on pin Q with 1st driver pin 'snake_graph/snake_parts_reg[4]__0/Q' [C:/Users/mavri/Documents/GitHub/VerilogSnake/Verilog_Snake/Verilog_Snake.srcs/sources_1/new/snake_graph_animate.v:146]
CRITICAL WARNING: [Synth 8-6859] multi-driven net on pin Q with 2nd driver pin 'GND' [C:/Users/mavri/Documents/GitHub/VerilogSnake/Verilog_Snake/Verilog_Snake.srcs/sources_1/new/snake_graph_animate.v:146]
CRITICAL WARNING: [Synth 8-6858] multi-driven net Q is connected to at least one constant driver which has been preserved, other driver is ignored [C:/Users/mavri/Documents/GitHub/VerilogSnake/Verilog_Snake/Verilog_Snake.srcs/sources_1/new/snake_graph_animate.v:146]
CRITICAL WARNING: [Synth 8-6859] multi-driven net on pin Q with 1st driver pin 'snake_graph/snake_parts_reg[3]__0/Q' [C:/Users/mavri/Documents/GitHub/VerilogSnake/Verilog_Snake/Verilog_Snake.srcs/sources_1/new/snake_graph_animate.v:146]
CRITICAL WARNING: [Synth 8-6859] multi-driven net on pin Q with 2nd driver pin 'GND' [C:/Users/mavri/Documents/GitHub/VerilogSnake/Verilog_Snake/Verilog_Snake.srcs/sources_1/new/snake_graph_animate.v:146]
CRITICAL WARNING: [Synth 8-6858] multi-driven net Q is connected to at least one constant driver which has been preserved, other driver is ignored [C:/Users/mavri/Documents/GitHub/VerilogSnake/Verilog_Snake/Verilog_Snake.srcs/sources_1/new/snake_graph_animate.v:146]
CRITICAL WARNING: [Synth 8-6859] multi-driven net on pin Q with 1st driver pin 'snake_graph/snake_parts_reg[2]__0/Q' [C:/Users/mavri/Documents/GitHub/VerilogSnake/Verilog_Snake/Verilog_Snake.srcs/sources_1/new/snake_graph_animate.v:146]
CRITICAL WARNING: [Synth 8-6859] multi-driven net on pin Q with 2nd driver pin 'GND' [C:/Users/mavri/Documents/GitHub/VerilogSnake/Verilog_Snake/Verilog_Snake.srcs/sources_1/new/snake_graph_animate.v:146]
CRITICAL WARNING: [Synth 8-6858] multi-driven net Q is connected to at least one constant driver which has been preserved, other driver is ignored [C:/Users/mavri/Documents/GitHub/VerilogSnake/Verilog_Snake/Verilog_Snake.srcs/sources_1/new/snake_graph_animate.v:146]
CRITICAL WARNING: [Synth 8-6859] multi-driven net on pin Q with 1st driver pin 'snake_graph/snake_parts_reg[1]__0/Q' [C:/Users/mavri/Documents/GitHub/VerilogSnake/Verilog_Snake/Verilog_Snake.srcs/sources_1/new/snake_graph_animate.v:146]
CRITICAL WARNING: [Synth 8-6859] multi-driven net on pin Q with 2nd driver pin 'GND' [C:/Users/mavri/Documents/GitHub/VerilogSnake/Verilog_Snake/Verilog_Snake.srcs/sources_1/new/snake_graph_animate.v:146]
CRITICAL WARNING: [Synth 8-6858] multi-driven net Q is connected to at least one constant driver which has been preserved, other driver is ignored [C:/Users/mavri/Documents/GitHub/VerilogSnake/Verilog_Snake/Verilog_Snake.srcs/sources_1/new/snake_graph_animate.v:146]
CRITICAL WARNING: [Synth 8-6859] multi-driven net on pin Q with 1st driver pin 'snake_graph/snake_parts_reg[0]__0/Q' [C:/Users/mavri/Documents/GitHub/VerilogSnake/Verilog_Snake/Verilog_Snake.srcs/sources_1/new/snake_graph_animate.v:146]
CRITICAL WARNING: [Synth 8-6859] multi-driven net on pin Q with 2nd driver pin 'GND' [C:/Users/mavri/Documents/GitHub/VerilogSnake/Verilog_Snake/Verilog_Snake.srcs/sources_1/new/snake_graph_animate.v:146]
CRITICAL WARNING: [Synth 8-6858] multi-driven net Q is connected to at least one constant driver which has been preserved, other driver is ignored [C:/Users/mavri/Documents/GitHub/VerilogSnake/Verilog_Snake/Verilog_Snake.srcs/sources_1/new/snake_graph_animate.v:146]
CRITICAL WARNING: [Synth 8-6859] multi-driven net on pin Q with 1st driver pin 'snake_graph/snake_tail_on_reg__0/Q' [C:/Users/mavri/Documents/GitHub/VerilogSnake/Verilog_Snake/Verilog_Snake.srcs/sources_1/new/snake_graph_animate.v:145]
CRITICAL WARNING: [Synth 8-6859] multi-driven net on pin Q with 2nd driver pin 'GND' [C:/Users/mavri/Documents/GitHub/VerilogSnake/Verilog_Snake/Verilog_Snake.srcs/sources_1/new/snake_graph_animate.v:145]
CRITICAL WARNING: [Synth 8-6858] multi-driven net Q is connected to at least one constant driver which has been preserved, other driver is ignored [C:/Users/mavri/Documents/GitHub/VerilogSnake/Verilog_Snake/Verilog_Snake.srcs/sources_1/new/snake_graph_animate.v:145]
CRITICAL WARNING: [Synth 8-6859] multi-driven net on pin Q with 1st driver pin 'snake_graph/snake_head_on_reg__0/Q' [C:/Users/mavri/Documents/GitHub/VerilogSnake/Verilog_Snake/Verilog_Snake.srcs/sources_1/new/snake_graph_animate.v:144]
CRITICAL WARNING: [Synth 8-6859] multi-driven net on pin Q with 2nd driver pin 'GND' [C:/Users/mavri/Documents/GitHub/VerilogSnake/Verilog_Snake/Verilog_Snake.srcs/sources_1/new/snake_graph_animate.v:144]
CRITICAL WARNING: [Synth 8-6858] multi-driven net Q is connected to at least one constant driver which has been preserved, other driver is ignored [C:/Users/mavri/Documents/GitHub/VerilogSnake/Verilog_Snake/Verilog_Snake.srcs/sources_1/new/snake_graph_animate.v:144]
CRITICAL WARNING: [Synth 8-6859] multi-driven net on pin Q with 1st driver pin 'snake_graph/snake_head_x_delta_next_reg__0/Q' [C:/Users/mavri/Documents/GitHub/VerilogSnake/Verilog_Snake/Verilog_Snake.srcs/sources_1/new/snake_graph_animate.v:138]
CRITICAL WARNING: [Synth 8-6859] multi-driven net on pin Q with 2nd driver pin 'VCC' [C:/Users/mavri/Documents/GitHub/VerilogSnake/Verilog_Snake/Verilog_Snake.srcs/sources_1/new/snake_graph_animate.v:138]
CRITICAL WARNING: [Synth 8-6858] multi-driven net Q is connected to at least one constant driver which has been preserved, other driver is ignored [C:/Users/mavri/Documents/GitHub/VerilogSnake/Verilog_Snake/Verilog_Snake.srcs/sources_1/new/snake_graph_animate.v:138]
CRITICAL WARNING: [Synth 8-6859] multi-driven net on pin Q with 1st driver pin 'snake_graph/turn_x_reg[319]__0/Q' [C:/Users/mavri/Documents/GitHub/VerilogSnake/Verilog_Snake/Verilog_Snake.srcs/sources_1/new/snake_graph_animate.v:126]
CRITICAL WARNING: [Synth 8-6859] multi-driven net on pin Q with 2nd driver pin 'GND' [C:/Users/mavri/Documents/GitHub/VerilogSnake/Verilog_Snake/Verilog_Snake.srcs/sources_1/new/snake_graph_animate.v:126]
CRITICAL WARNING: [Synth 8-6858] multi-driven net Q is connected to at least one constant driver which has been preserved, other driver is ignored [C:/Users/mavri/Documents/GitHub/VerilogSnake/Verilog_Snake/Verilog_Snake.srcs/sources_1/new/snake_graph_animate.v:126]
CRITICAL WARNING: [Synth 8-6859] multi-driven net on pin Q with 1st driver pin 'snake_graph/turn_x_reg[318]__0/Q' [C:/Users/mavri/Documents/GitHub/VerilogSnake/Verilog_Snake/Verilog_Snake.srcs/sources_1/new/snake_graph_animate.v:126]
CRITICAL WARNING: [Synth 8-6859] multi-driven net on pin Q with 2nd driver pin 'GND' [C:/Users/mavri/Documents/GitHub/VerilogSnake/Verilog_Snake/Verilog_Snake.srcs/sources_1/new/snake_graph_animate.v:126]
CRITICAL WARNING: [Synth 8-6858] multi-driven net Q is connected to at least one constant driver which has been preserved, other driver is ignored [C:/Users/mavri/Documents/GitHub/VerilogSnake/Verilog_Snake/Verilog_Snake.srcs/sources_1/new/snake_graph_animate.v:126]
CRITICAL WARNING: [Synth 8-6859] multi-driven net on pin Q with 1st driver pin 'snake_graph/turn_x_reg[317]__0/Q' [C:/Users/mavri/Documents/GitHub/VerilogSnake/Verilog_Snake/Verilog_Snake.srcs/sources_1/new/snake_graph_animate.v:126]
CRITICAL WARNING: [Synth 8-6859] multi-driven net on pin Q with 2nd driver pin 'GND' [C:/Users/mavri/Documents/GitHub/VerilogSnake/Verilog_Snake/Verilog_Snake.srcs/sources_1/new/snake_graph_animate.v:126]
CRITICAL WARNING: [Synth 8-6858] multi-driven net Q is connected to at least one constant driver which has been preserved, other driver is ignored [C:/Users/mavri/Documents/GitHub/VerilogSnake/Verilog_Snake/Verilog_Snake.srcs/sources_1/new/snake_graph_animate.v:126]
CRITICAL WARNING: [Synth 8-6859] multi-driven net on pin Q with 1st driver pin 'snake_graph/turn_x_reg[316]__0/Q' [C:/Users/mavri/Documents/GitHub/VerilogSnake/Verilog_Snake/Verilog_Snake.srcs/sources_1/new/snake_graph_animate.v:126]
CRITICAL WARNING: [Synth 8-6859] multi-driven net on pin Q with 2nd driver pin 'GND' [C:/Users/mavri/Documents/GitHub/VerilogSnake/Verilog_Snake/Verilog_Snake.srcs/sources_1/new/snake_graph_animate.v:126]
CRITICAL WARNING: [Synth 8-6858] multi-driven net Q is connected to at least one constant driver which has been preserved, other driver is ignored [C:/Users/mavri/Documents/GitHub/VerilogSnake/Verilog_Snake/Verilog_Snake.srcs/sources_1/new/snake_graph_animate.v:126]
CRITICAL WARNING: [Synth 8-6859] multi-driven net on pin Q with 1st driver pin 'snake_graph/turn_x_reg[315]__0/Q' [C:/Users/mavri/Documents/GitHub/VerilogSnake/Verilog_Snake/Verilog_Snake.srcs/sources_1/new/snake_graph_animate.v:126]
CRITICAL WARNING: [Synth 8-6859] multi-driven net on pin Q with 2nd driver pin 'GND' [C:/Users/mavri/Documents/GitHub/VerilogSnake/Verilog_Snake/Verilog_Snake.srcs/sources_1/new/snake_graph_animate.v:126]
CRITICAL WARNING: [Synth 8-6858] multi-driven net Q is connected to at least one constant driver which has been preserved, other driver is ignored [C:/Users/mavri/Documents/GitHub/VerilogSnake/Verilog_Snake/Verilog_Snake.srcs/sources_1/new/snake_graph_animate.v:126]
CRITICAL WARNING: [Synth 8-6859] multi-driven net on pin Q with 1st driver pin 'snake_graph/turn_x_reg[314]__0/Q' [C:/Users/mavri/Documents/GitHub/VerilogSnake/Verilog_Snake/Verilog_Snake.srcs/sources_1/new/snake_graph_animate.v:126]
CRITICAL WARNING: [Synth 8-6859] multi-driven net on pin Q with 2nd driver pin 'GND' [C:/Users/mavri/Documents/GitHub/VerilogSnake/Verilog_Snake/Verilog_Snake.srcs/sources_1/new/snake_graph_animate.v:126]
CRITICAL WARNING: [Synth 8-6858] multi-driven net Q is connected to at least one constant driver which has been preserved, other driver is ignored [C:/Users/mavri/Documents/GitHub/VerilogSnake/Verilog_Snake/Verilog_Snake.srcs/sources_1/new/snake_graph_animate.v:126]
CRITICAL WARNING: [Synth 8-6859] multi-driven net on pin Q with 1st driver pin 'snake_graph/turn_x_reg[313]__0/Q' [C:/Users/mavri/Documents/GitHub/VerilogSnake/Verilog_Snake/Verilog_Snake.srcs/sources_1/new/snake_graph_animate.v:126]
CRITICAL WARNING: [Synth 8-6859] multi-driven net on pin Q with 2nd driver pin 'GND' [C:/Users/mavri/Documents/GitHub/VerilogSnake/Verilog_Snake/Verilog_Snake.srcs/sources_1/new/snake_graph_animate.v:126]
CRITICAL WARNING: [Synth 8-6858] multi-driven net Q is connected to at least one constant driver which has been preserved, other driver is ignored [C:/Users/mavri/Documents/GitHub/VerilogSnake/Verilog_Snake/Verilog_Snake.srcs/sources_1/new/snake_graph_animate.v:126]
CRITICAL WARNING: [Synth 8-6859] multi-driven net on pin Q with 1st driver pin 'snake_graph/turn_x_reg[312]__0/Q' [C:/Users/mavri/Documents/GitHub/VerilogSnake/Verilog_Snake/Verilog_Snake.srcs/sources_1/new/snake_graph_animate.v:126]
CRITICAL WARNING: [Synth 8-6859] multi-driven net on pin Q with 2nd driver pin 'GND' [C:/Users/mavri/Documents/GitHub/VerilogSnake/Verilog_Snake/Verilog_Snake.srcs/sources_1/new/snake_graph_animate.v:126]
CRITICAL WARNING: [Synth 8-6858] multi-driven net Q is connected to at least one constant driver which has been preserved, other driver is ignored [C:/Users/mavri/Documents/GitHub/VerilogSnake/Verilog_Snake/Verilog_Snake.srcs/sources_1/new/snake_graph_animate.v:126]
CRITICAL WARNING: [Synth 8-6859] multi-driven net on pin Q with 1st driver pin 'snake_graph/turn_x_reg[311]__0/Q' [C:/Users/mavri/Documents/GitHub/VerilogSnake/Verilog_Snake/Verilog_Snake.srcs/sources_1/new/snake_graph_animate.v:126]
CRITICAL WARNING: [Synth 8-6859] multi-driven net on pin Q with 2nd driver pin 'GND' [C:/Users/mavri/Documents/GitHub/VerilogSnake/Verilog_Snake/Verilog_Snake.srcs/sources_1/new/snake_graph_animate.v:126]
CRITICAL WARNING: [Synth 8-6858] multi-driven net Q is connected to at least one constant driver which has been preserved, other driver is ignored [C:/Users/mavri/Documents/GitHub/VerilogSnake/Verilog_Snake/Verilog_Snake.srcs/sources_1/new/snake_graph_animate.v:126]
CRITICAL WARNING: [Synth 8-6859] multi-driven net on pin Q with 1st driver pin 'snake_graph/turn_x_reg[310]__0/Q' [C:/Users/mavri/Documents/GitHub/VerilogSnake/Verilog_Snake/Verilog_Snake.srcs/sources_1/new/snake_graph_animate.v:126]
CRITICAL WARNING: [Synth 8-6859] multi-driven net on pin Q with 2nd driver pin 'GND' [C:/Users/mavri/Documents/GitHub/VerilogSnake/Verilog_Snake/Verilog_Snake.srcs/sources_1/new/snake_graph_animate.v:126]
CRITICAL WARNING: [Synth 8-6858] multi-driven net Q is connected to at least one constant driver which has been preserved, other driver is ignored [C:/Users/mavri/Documents/GitHub/VerilogSnake/Verilog_Snake/Verilog_Snake.srcs/sources_1/new/snake_graph_animate.v:126]
CRITICAL WARNING: [Synth 8-6859] multi-driven net on pin Q with 1st driver pin 'snake_graph/turn_x_reg[309]__0/Q' [C:/Users/mavri/Documents/GitHub/VerilogSnake/Verilog_Snake/Verilog_Snake.srcs/sources_1/new/snake_graph_animate.v:126]
CRITICAL WARNING: [Synth 8-6859] multi-driven net on pin Q with 2nd driver pin 'GND' [C:/Users/mavri/Documents/GitHub/VerilogSnake/Verilog_Snake/Verilog_Snake.srcs/sources_1/new/snake_graph_animate.v:126]
CRITICAL WARNING: [Synth 8-6858] multi-driven net Q is connected to at least one constant driver which has been preserved, other driver is ignored [C:/Users/mavri/Documents/GitHub/VerilogSnake/Verilog_Snake/Verilog_Snake.srcs/sources_1/new/snake_graph_animate.v:126]
CRITICAL WARNING: [Synth 8-6859] multi-driven net on pin Q with 1st driver pin 'snake_graph/turn_x_reg[308]__0/Q' [C:/Users/mavri/Documents/GitHub/VerilogSnake/Verilog_Snake/Verilog_Snake.srcs/sources_1/new/snake_graph_animate.v:126]
CRITICAL WARNING: [Synth 8-6859] multi-driven net on pin Q with 2nd driver pin 'GND' [C:/Users/mavri/Documents/GitHub/VerilogSnake/Verilog_Snake/Verilog_Snake.srcs/sources_1/new/snake_graph_animate.v:126]
CRITICAL WARNING: [Synth 8-6858] multi-driven net Q is connected to at least one constant driver which has been preserved, other driver is ignored [C:/Users/mavri/Documents/GitHub/VerilogSnake/Verilog_Snake/Verilog_Snake.srcs/sources_1/new/snake_graph_animate.v:126]
CRITICAL WARNING: [Synth 8-6859] multi-driven net on pin Q with 1st driver pin 'snake_graph/turn_x_reg[307]__0/Q' [C:/Users/mavri/Documents/GitHub/VerilogSnake/Verilog_Snake/Verilog_Snake.srcs/sources_1/new/snake_graph_animate.v:126]
CRITICAL WARNING: [Synth 8-6859] multi-driven net on pin Q with 2nd driver pin 'GND' [C:/Users/mavri/Documents/GitHub/VerilogSnake/Verilog_Snake/Verilog_Snake.srcs/sources_1/new/snake_graph_animate.v:126]
CRITICAL WARNING: [Synth 8-6858] multi-driven net Q is connected to at least one constant driver which has been preserved, other driver is ignored [C:/Users/mavri/Documents/GitHub/VerilogSnake/Verilog_Snake/Verilog_Snake.srcs/sources_1/new/snake_graph_animate.v:126]
CRITICAL WARNING: [Synth 8-6859] multi-driven net on pin Q with 1st driver pin 'snake_graph/turn_x_reg[306]__0/Q' [C:/Users/mavri/Documents/GitHub/VerilogSnake/Verilog_Snake/Verilog_Snake.srcs/sources_1/new/snake_graph_animate.v:126]
CRITICAL WARNING: [Synth 8-6859] multi-driven net on pin Q with 2nd driver pin 'GND' [C:/Users/mavri/Documents/GitHub/VerilogSnake/Verilog_Snake/Verilog_Snake.srcs/sources_1/new/snake_graph_animate.v:126]
CRITICAL WARNING: [Synth 8-6858] multi-driven net Q is connected to at least one constant driver which has been preserved, other driver is ignored [C:/Users/mavri/Documents/GitHub/VerilogSnake/Verilog_Snake/Verilog_Snake.srcs/sources_1/new/snake_graph_animate.v:126]
CRITICAL WARNING: [Synth 8-6859] multi-driven net on pin Q with 1st driver pin 'snake_graph/turn_x_reg[305]__0/Q' [C:/Users/mavri/Documents/GitHub/VerilogSnake/Verilog_Snake/Verilog_Snake.srcs/sources_1/new/snake_graph_animate.v:126]
CRITICAL WARNING: [Synth 8-6859] multi-driven net on pin Q with 2nd driver pin 'GND' [C:/Users/mavri/Documents/GitHub/VerilogSnake/Verilog_Snake/Verilog_Snake.srcs/sources_1/new/snake_graph_animate.v:126]
CRITICAL WARNING: [Synth 8-6858] multi-driven net Q is connected to at least one constant driver which has been preserved, other driver is ignored [C:/Users/mavri/Documents/GitHub/VerilogSnake/Verilog_Snake/Verilog_Snake.srcs/sources_1/new/snake_graph_animate.v:126]
CRITICAL WARNING: [Synth 8-6859] multi-driven net on pin Q with 1st driver pin 'snake_graph/turn_x_reg[304]__0/Q' [C:/Users/mavri/Documents/GitHub/VerilogSnake/Verilog_Snake/Verilog_Snake.srcs/sources_1/new/snake_graph_animate.v:126]
CRITICAL WARNING: [Synth 8-6859] multi-driven net on pin Q with 2nd driver pin 'GND' [C:/Users/mavri/Documents/GitHub/VerilogSnake/Verilog_Snake/Verilog_Snake.srcs/sources_1/new/snake_graph_animate.v:126]
CRITICAL WARNING: [Synth 8-6858] multi-driven net Q is connected to at least one constant driver which has been preserved, other driver is ignored [C:/Users/mavri/Documents/GitHub/VerilogSnake/Verilog_Snake/Verilog_Snake.srcs/sources_1/new/snake_graph_animate.v:126]
CRITICAL WARNING: [Synth 8-6859] multi-driven net on pin Q with 1st driver pin 'snake_graph/turn_x_reg[303]__0/Q' [C:/Users/mavri/Documents/GitHub/VerilogSnake/Verilog_Snake/Verilog_Snake.srcs/sources_1/new/snake_graph_animate.v:126]
CRITICAL WARNING: [Synth 8-6859] multi-driven net on pin Q with 2nd driver pin 'GND' [C:/Users/mavri/Documents/GitHub/VerilogSnake/Verilog_Snake/Verilog_Snake.srcs/sources_1/new/snake_graph_animate.v:126]
CRITICAL WARNING: [Synth 8-6858] multi-driven net Q is connected to at least one constant driver which has been preserved, other driver is ignored [C:/Users/mavri/Documents/GitHub/VerilogSnake/Verilog_Snake/Verilog_Snake.srcs/sources_1/new/snake_graph_animate.v:126]
CRITICAL WARNING: [Synth 8-6859] multi-driven net on pin Q with 1st driver pin 'snake_graph/turn_x_reg[302]__0/Q' [C:/Users/mavri/Documents/GitHub/VerilogSnake/Verilog_Snake/Verilog_Snake.srcs/sources_1/new/snake_graph_animate.v:126]
CRITICAL WARNING: [Synth 8-6859] multi-driven net on pin Q with 2nd driver pin 'GND' [C:/Users/mavri/Documents/GitHub/VerilogSnake/Verilog_Snake/Verilog_Snake.srcs/sources_1/new/snake_graph_animate.v:126]
INFO: [Common 17-14] Message 'Synth 8-6859' appears 100 times and further instances of the messages will be disabled. Use the Tcl command set_msg_config to change the current settings.
CRITICAL WARNING: [Synth 8-6858] multi-driven net Q is connected to at least one constant driver which has been preserved, other driver is ignored [C:/Users/mavri/Documents/GitHub/VerilogSnake/Verilog_Snake/Verilog_Snake.srcs/sources_1/new/snake_graph_animate.v:126]
CRITICAL WARNING: [Synth 8-6858] multi-driven net Q is connected to at least one constant driver which has been preserved, other driver is ignored [C:/Users/mavri/Documents/GitHub/VerilogSnake/Verilog_Snake/Verilog_Snake.srcs/sources_1/new/snake_graph_animate.v:126]
CRITICAL WARNING: [Synth 8-6858] multi-driven net Q is connected to at least one constant driver which has been preserved, other driver is ignored [C:/Users/mavri/Documents/GitHub/VerilogSnake/Verilog_Snake/Verilog_Snake.srcs/sources_1/new/snake_graph_animate.v:126]
CRITICAL WARNING: [Synth 8-6858] multi-driven net Q is connected to at least one constant driver which has been preserved, other driver is ignored [C:/Users/mavri/Documents/GitHub/VerilogSnake/Verilog_Snake/Verilog_Snake.srcs/sources_1/new/snake_graph_animate.v:126]
CRITICAL WARNING: [Synth 8-6858] multi-driven net Q is connected to at least one constant driver which has been preserved, other driver is ignored [C:/Users/mavri/Documents/GitHub/VerilogSnake/Verilog_Snake/Verilog_Snake.srcs/sources_1/new/snake_graph_animate.v:126]
CRITICAL WARNING: [Synth 8-6858] multi-driven net Q is connected to at least one constant driver which has been preserved, other driver is ignored [C:/Users/mavri/Documents/GitHub/VerilogSnake/Verilog_Snake/Verilog_Snake.srcs/sources_1/new/snake_graph_animate.v:126]
CRITICAL WARNING: [Synth 8-6858] multi-driven net Q is connected to at least one constant driver which has been preserved, other driver is ignored [C:/Users/mavri/Documents/GitHub/VerilogSnake/Verilog_Snake/Verilog_Snake.srcs/sources_1/new/snake_graph_animate.v:126]
CRITICAL WARNING: [Synth 8-6858] multi-driven net Q is connected to at least one constant driver which has been preserved, other driver is ignored [C:/Users/mavri/Documents/GitHub/VerilogSnake/Verilog_Snake/Verilog_Snake.srcs/sources_1/new/snake_graph_animate.v:126]
CRITICAL WARNING: [Synth 8-6858] multi-driven net Q is connected to at least one constant driver which has been preserved, other driver is ignored [C:/Users/mavri/Documents/GitHub/VerilogSnake/Verilog_Snake/Verilog_Snake.srcs/sources_1/new/snake_graph_animate.v:126]
CRITICAL WARNING: [Synth 8-6858] multi-driven net Q is connected to at least one constant driver which has been preserved, other driver is ignored [C:/Users/mavri/Documents/GitHub/VerilogSnake/Verilog_Snake/Verilog_Snake.srcs/sources_1/new/snake_graph_animate.v:126]
CRITICAL WARNING: [Synth 8-6858] multi-driven net Q is connected to at least one constant driver which has been preserved, other driver is ignored [C:/Users/mavri/Documents/GitHub/VerilogSnake/Verilog_Snake/Verilog_Snake.srcs/sources_1/new/snake_graph_animate.v:126]
CRITICAL WARNING: [Synth 8-6858] multi-driven net Q is connected to at least one constant driver which has been preserved, other driver is ignored [C:/Users/mavri/Documents/GitHub/VerilogSnake/Verilog_Snake/Verilog_Snake.srcs/sources_1/new/snake_graph_animate.v:126]
CRITICAL WARNING: [Synth 8-6858] multi-driven net Q is connected to at least one constant driver which has been preserved, other driver is ignored [C:/Users/mavri/Documents/GitHub/VerilogSnake/Verilog_Snake/Verilog_Snake.srcs/sources_1/new/snake_graph_animate.v:126]
CRITICAL WARNING: [Synth 8-6858] multi-driven net Q is connected to at least one constant driver which has been preserved, other driver is ignored [C:/Users/mavri/Documents/GitHub/VerilogSnake/Verilog_Snake/Verilog_Snake.srcs/sources_1/new/snake_graph_animate.v:126]
CRITICAL WARNING: [Synth 8-6858] multi-driven net Q is connected to at least one constant driver which has been preserved, other driver is ignored [C:/Users/mavri/Documents/GitHub/VerilogSnake/Verilog_Snake/Verilog_Snake.srcs/sources_1/new/snake_graph_animate.v:126]
CRITICAL WARNING: [Synth 8-6858] multi-driven net Q is connected to at least one constant driver which has been preserved, other driver is ignored [C:/Users/mavri/Documents/GitHub/VerilogSnake/Verilog_Snake/Verilog_Snake.srcs/sources_1/new/snake_graph_animate.v:126]
CRITICAL WARNING: [Synth 8-6858] multi-driven net Q is connected to at least one constant driver which has been preserved, other driver is ignored [C:/Users/mavri/Documents/GitHub/VerilogSnake/Verilog_Snake/Verilog_Snake.srcs/sources_1/new/snake_graph_animate.v:126]
CRITICAL WARNING: [Synth 8-6858] multi-driven net Q is connected to at least one constant driver which has been preserved, other driver is ignored [C:/Users/mavri/Documents/GitHub/VerilogSnake/Verilog_Snake/Verilog_Snake.srcs/sources_1/new/snake_graph_animate.v:126]
CRITICAL WARNING: [Synth 8-6858] multi-driven net Q is connected to at least one constant driver which has been preserved, other driver is ignored [C:/Users/mavri/Documents/GitHub/VerilogSnake/Verilog_Snake/Verilog_Snake.srcs/sources_1/new/snake_graph_animate.v:126]
CRITICAL WARNING: [Synth 8-6858] multi-driven net Q is connected to at least one constant driver which has been preserved, other driver is ignored [C:/Users/mavri/Documents/GitHub/VerilogSnake/Verilog_Snake/Verilog_Snake.srcs/sources_1/new/snake_graph_animate.v:126]
CRITICAL WARNING: [Synth 8-6858] multi-driven net Q is connected to at least one constant driver which has been preserved, other driver is ignored [C:/Users/mavri/Documents/GitHub/VerilogSnake/Verilog_Snake/Verilog_Snake.srcs/sources_1/new/snake_graph_animate.v:126]
CRITICAL WARNING: [Synth 8-6858] multi-driven net Q is connected to at least one constant driver which has been preserved, other driver is ignored [C:/Users/mavri/Documents/GitHub/VerilogSnake/Verilog_Snake/Verilog_Snake.srcs/sources_1/new/snake_graph_animate.v:126]
CRITICAL WARNING: [Synth 8-6858] multi-driven net Q is connected to at least one constant driver which has been preserved, other driver is ignored [C:/Users/mavri/Documents/GitHub/VerilogSnake/Verilog_Snake/Verilog_Snake.srcs/sources_1/new/snake_graph_animate.v:126]
CRITICAL WARNING: [Synth 8-6858] multi-driven net Q is connected to at least one constant driver which has been preserved, other driver is ignored [C:/Users/mavri/Documents/GitHub/VerilogSnake/Verilog_Snake/Verilog_Snake.srcs/sources_1/new/snake_graph_animate.v:126]
CRITICAL WARNING: [Synth 8-6858] multi-driven net Q is connected to at least one constant driver which has been preserved, other driver is ignored [C:/Users/mavri/Documents/GitHub/VerilogSnake/Verilog_Snake/Verilog_Snake.srcs/sources_1/new/snake_graph_animate.v:126]
CRITICAL WARNING: [Synth 8-6858] multi-driven net Q is connected to at least one constant driver which has been preserved, other driver is ignored [C:/Users/mavri/Documents/GitHub/VerilogSnake/Verilog_Snake/Verilog_Snake.srcs/sources_1/new/snake_graph_animate.v:126]
CRITICAL WARNING: [Synth 8-6858] multi-driven net Q is connected to at least one constant driver which has been preserved, other driver is ignored [C:/Users/mavri/Documents/GitHub/VerilogSnake/Verilog_Snake/Verilog_Snake.srcs/sources_1/new/snake_graph_animate.v:126]
CRITICAL WARNING: [Synth 8-6858] multi-driven net Q is connected to at least one constant driver which has been preserved, other driver is ignored [C:/Users/mavri/Documents/GitHub/VerilogSnake/Verilog_Snake/Verilog_Snake.srcs/sources_1/new/snake_graph_animate.v:126]
CRITICAL WARNING: [Synth 8-6858] multi-driven net Q is connected to at least one constant driver which has been preserved, other driver is ignored [C:/Users/mavri/Documents/GitHub/VerilogSnake/Verilog_Snake/Verilog_Snake.srcs/sources_1/new/snake_graph_animate.v:126]
CRITICAL WARNING: [Synth 8-6858] multi-driven net Q is connected to at least one constant driver which has been preserved, other driver is ignored [C:/Users/mavri/Documents/GitHub/VerilogSnake/Verilog_Snake/Verilog_Snake.srcs/sources_1/new/snake_graph_animate.v:126]
CRITICAL WARNING: [Synth 8-6858] multi-driven net Q is connected to at least one constant driver which has been preserved, other driver is ignored [C:/Users/mavri/Documents/GitHub/VerilogSnake/Verilog_Snake/Verilog_Snake.srcs/sources_1/new/snake_graph_animate.v:126]
CRITICAL WARNING: [Synth 8-6858] multi-driven net Q is connected to at least one constant driver which has been preserved, other driver is ignored [C:/Users/mavri/Documents/GitHub/VerilogSnake/Verilog_Snake/Verilog_Snake.srcs/sources_1/new/snake_graph_animate.v:126]
CRITICAL WARNING: [Synth 8-6858] multi-driven net Q is connected to at least one constant driver which has been preserved, other driver is ignored [C:/Users/mavri/Documents/GitHub/VerilogSnake/Verilog_Snake/Verilog_Snake.srcs/sources_1/new/snake_graph_animate.v:126]
CRITICAL WARNING: [Synth 8-6858] multi-driven net Q is connected to at least one constant driver which has been preserved, other driver is ignored [C:/Users/mavri/Documents/GitHub/VerilogSnake/Verilog_Snake/Verilog_Snake.srcs/sources_1/new/snake_graph_animate.v:126]
CRITICAL WARNING: [Synth 8-6858] multi-driven net Q is connected to at least one constant driver which has been preserved, other driver is ignored [C:/Users/mavri/Documents/GitHub/VerilogSnake/Verilog_Snake/Verilog_Snake.srcs/sources_1/new/snake_graph_animate.v:126]
CRITICAL WARNING: [Synth 8-6858] multi-driven net Q is connected to at least one constant driver which has been preserved, other driver is ignored [C:/Users/mavri/Documents/GitHub/VerilogSnake/Verilog_Snake/Verilog_Snake.srcs/sources_1/new/snake_graph_animate.v:126]
CRITICAL WARNING: [Synth 8-6858] multi-driven net Q is connected to at least one constant driver which has been preserved, other driver is ignored [C:/Users/mavri/Documents/GitHub/VerilogSnake/Verilog_Snake/Verilog_Snake.srcs/sources_1/new/snake_graph_animate.v:126]
CRITICAL WARNING: [Synth 8-6858] multi-driven net Q is connected to at least one constant driver which has been preserved, other driver is ignored [C:/Users/mavri/Documents/GitHub/VerilogSnake/Verilog_Snake/Verilog_Snake.srcs/sources_1/new/snake_graph_animate.v:126]
CRITICAL WARNING: [Synth 8-6858] multi-driven net Q is connected to at least one constant driver which has been preserved, other driver is ignored [C:/Users/mavri/Documents/GitHub/VerilogSnake/Verilog_Snake/Verilog_Snake.srcs/sources_1/new/snake_graph_animate.v:126]
CRITICAL WARNING: [Synth 8-6858] multi-driven net Q is connected to at least one constant driver which has been preserved, other driver is ignored [C:/Users/mavri/Documents/GitHub/VerilogSnake/Verilog_Snake/Verilog_Snake.srcs/sources_1/new/snake_graph_animate.v:126]
CRITICAL WARNING: [Synth 8-6858] multi-driven net Q is connected to at least one constant driver which has been preserved, other driver is ignored [C:/Users/mavri/Documents/GitHub/VerilogSnake/Verilog_Snake/Verilog_Snake.srcs/sources_1/new/snake_graph_animate.v:126]
CRITICAL WARNING: [Synth 8-6858] multi-driven net Q is connected to at least one constant driver which has been preserved, other driver is ignored [C:/Users/mavri/Documents/GitHub/VerilogSnake/Verilog_Snake/Verilog_Snake.srcs/sources_1/new/snake_graph_animate.v:126]
CRITICAL WARNING: [Synth 8-6858] multi-driven net Q is connected to at least one constant driver which has been preserved, other driver is ignored [C:/Users/mavri/Documents/GitHub/VerilogSnake/Verilog_Snake/Verilog_Snake.srcs/sources_1/new/snake_graph_animate.v:126]
CRITICAL WARNING: [Synth 8-6858] multi-driven net Q is connected to at least one constant driver which has been preserved, other driver is ignored [C:/Users/mavri/Documents/GitHub/VerilogSnake/Verilog_Snake/Verilog_Snake.srcs/sources_1/new/snake_graph_animate.v:126]
CRITICAL WARNING: [Synth 8-6858] multi-driven net Q is connected to at least one constant driver which has been preserved, other driver is ignored [C:/Users/mavri/Documents/GitHub/VerilogSnake/Verilog_Snake/Verilog_Snake.srcs/sources_1/new/snake_graph_animate.v:126]
CRITICAL WARNING: [Synth 8-6858] multi-driven net Q is connected to at least one constant driver which has been preserved, other driver is ignored [C:/Users/mavri/Documents/GitHub/VerilogSnake/Verilog_Snake/Verilog_Snake.srcs/sources_1/new/snake_graph_animate.v:126]
CRITICAL WARNING: [Synth 8-6858] multi-driven net Q is connected to at least one constant driver which has been preserved, other driver is ignored [C:/Users/mavri/Documents/GitHub/VerilogSnake/Verilog_Snake/Verilog_Snake.srcs/sources_1/new/snake_graph_animate.v:126]
CRITICAL WARNING: [Synth 8-6858] multi-driven net Q is connected to at least one constant driver which has been preserved, other driver is ignored [C:/Users/mavri/Documents/GitHub/VerilogSnake/Verilog_Snake/Verilog_Snake.srcs/sources_1/new/snake_graph_animate.v:126]
CRITICAL WARNING: [Synth 8-6858] multi-driven net Q is connected to at least one constant driver which has been preserved, other driver is ignored [C:/Users/mavri/Documents/GitHub/VerilogSnake/Verilog_Snake/Verilog_Snake.srcs/sources_1/new/snake_graph_animate.v:126]
CRITICAL WARNING: [Synth 8-6858] multi-driven net Q is connected to at least one constant driver which has been preserved, other driver is ignored [C:/Users/mavri/Documents/GitHub/VerilogSnake/Verilog_Snake/Verilog_Snake.srcs/sources_1/new/snake_graph_animate.v:126]
CRITICAL WARNING: [Synth 8-6858] multi-driven net Q is connected to at least one constant driver which has been preserved, other driver is ignored [C:/Users/mavri/Documents/GitHub/VerilogSnake/Verilog_Snake/Verilog_Snake.srcs/sources_1/new/snake_graph_animate.v:126]
INFO: [Common 17-14] Message 'Synth 8-6858' appears 100 times and further instances of the messages will be disabled. Use the Tcl command set_msg_config to change the current settings.
---------------------------------------------------------------------------------
Finished Cross Boundary and Area Optimization : Time (s): cpu = 00:00:24 ; elapsed = 00:00:26 . Memory (MB): peak = 1439.387 ; gain = 635.113
---------------------------------------------------------------------------------
---------------------------------------------------------------------------------
Start Applying XDC Timing Constraints
---------------------------------------------------------------------------------
WARNING: [Synth 8-565] redefining clock 'sys_clk_pin'
---------------------------------------------------------------------------------
Finished Applying XDC Timing Constraints : Time (s): cpu = 00:00:28 ; elapsed = 00:00:31 . Memory (MB): peak = 1439.387 ; gain = 635.113
---------------------------------------------------------------------------------
---------------------------------------------------------------------------------
Start Timing Optimization
---------------------------------------------------------------------------------
---------------------------------------------------------------------------------
Finished Timing Optimization : Time (s): cpu = 00:00:28 ; elapsed = 00:00:31 . Memory (MB): peak = 1439.387 ; gain = 635.113
---------------------------------------------------------------------------------
---------------------------------------------------------------------------------
Start Technology Mapping
---------------------------------------------------------------------------------
---------------------------------------------------------------------------------
Finished Technology Mapping : Time (s): cpu = 00:00:28 ; elapsed = 00:00:31 . Memory (MB): peak = 1439.387 ; gain = 635.113
---------------------------------------------------------------------------------
---------------------------------------------------------------------------------
Start IO Insertion
---------------------------------------------------------------------------------
---------------------------------------------------------------------------------
Start Flattening Before IO Insertion
---------------------------------------------------------------------------------
---------------------------------------------------------------------------------
Finished Flattening Before IO Insertion
---------------------------------------------------------------------------------
---------------------------------------------------------------------------------
Start Final Netlist Cleanup
---------------------------------------------------------------------------------
---------------------------------------------------------------------------------
Finished Final Netlist Cleanup
---------------------------------------------------------------------------------
---------------------------------------------------------------------------------
Finished IO Insertion : Time (s): cpu = 00:00:33 ; elapsed = 00:00:36 . Memory (MB): peak = 1439.387 ; gain = 635.113
---------------------------------------------------------------------------------
---------------------------------------------------------------------------------
Start Renaming Generated Instances
---------------------------------------------------------------------------------
---------------------------------------------------------------------------------
Finished Renaming Generated Instances : Time (s): cpu = 00:00:33 ; elapsed = 00:00:36 . Memory (MB): peak = 1439.387 ; gain = 635.113
---------------------------------------------------------------------------------
---------------------------------------------------------------------------------
Start Rebuilding User Hierarchy
---------------------------------------------------------------------------------
---------------------------------------------------------------------------------
Finished Rebuilding User Hierarchy : Time (s): cpu = 00:00:33 ; elapsed = 00:00:36 . Memory (MB): peak = 1439.387 ; gain = 635.113
---------------------------------------------------------------------------------
---------------------------------------------------------------------------------
Start Renaming Generated Ports
---------------------------------------------------------------------------------
---------------------------------------------------------------------------------
Finished Renaming Generated Ports : Time (s): cpu = 00:00:33 ; elapsed = 00:00:36 . Memory (MB): peak = 1439.387 ; gain = 635.113
---------------------------------------------------------------------------------
---------------------------------------------------------------------------------
Start Handling Custom Attributes
---------------------------------------------------------------------------------
---------------------------------------------------------------------------------
Finished Handling Custom Attributes : Time (s): cpu = 00:00:33 ; elapsed = 00:00:36 . Memory (MB): peak = 1439.387 ; gain = 635.113
---------------------------------------------------------------------------------
---------------------------------------------------------------------------------
Start Renaming Generated Nets
---------------------------------------------------------------------------------
---------------------------------------------------------------------------------
Finished Renaming Generated Nets : Time (s): cpu = 00:00:33 ; elapsed = 00:00:36 . Memory (MB): peak = 1439.387 ; gain = 635.113
---------------------------------------------------------------------------------
---------------------------------------------------------------------------------
Start Writing Synthesis Report
---------------------------------------------------------------------------------

Report BlackBoxes: 
+-+--------------+----------+
| |BlackBox name |Instances |
+-+--------------+----------+
+-+--------------+----------+

Report Cell Usage: 
+------+-------+------+
|      |Cell   |Count |
+------+-------+------+
|1     |BUFG   |     1|
|2     |CARRY4 |     2|
|3     |LUT1   |     9|
|4     |LUT2   |     8|
|5     |LUT3   |    14|
|6     |LUT4   |     4|
|7     |LUT5   |     9|
|8     |LUT6   |     9|
|9     |FDRE   |    28|
|10    |IBUF   |     1|
|11    |OBUF   |    14|
+------+-------+------+
---------------------------------------------------------------------------------
Finished Writing Synthesis Report : Time (s): cpu = 00:00:33 ; elapsed = 00:00:36 . Memory (MB): peak = 1439.387 ; gain = 635.113
---------------------------------------------------------------------------------
Synthesis finished with 0 errors, 2085 critical warnings and 2 warnings.
Synthesis Optimization Runtime : Time (s): cpu = 00:00:20 ; elapsed = 00:00:32 . Memory (MB): peak = 1439.387 ; gain = 527.309
Synthesis Optimization Complete : Time (s): cpu = 00:00:33 ; elapsed = 00:00:36 . Memory (MB): peak = 1439.387 ; gain = 635.113
INFO: [Project 1-571] Translating synthesized netlist
Netlist sorting complete. Time (s): cpu = 00:00:00 ; elapsed = 00:00:00 . Memory (MB): peak = 1439.387 ; gain = 0.000
INFO: [Netlist 29-17] Analyzing 2 Unisim elements for replacement
INFO: [Netlist 29-28] Unisim Transformation completed in 0 CPU seconds
INFO: [Project 1-570] Preparing netlist for logic optimization
INFO: [Opt 31-138] Pushed 0 inverter(s) to 0 load pin(s).
Netlist sorting complete. Time (s): cpu = 00:00:00 ; elapsed = 00:00:00 . Memory (MB): peak = 1439.387 ; gain = 0.000
INFO: [Project 1-111] Unisim Transformation Summary:
No Unisim elements were transformed.

Synth Design complete, checksum: 66532684
INFO: [Common 17-83] Releasing license: Synthesis
36 Infos, 29 Warnings, 200 Critical Warnings and 0 Errors encountered.
synth_design completed successfully
synth_design: Time (s): cpu = 00:00:39 ; elapsed = 00:00:43 . Memory (MB): peak = 1439.387 ; gain = 1028.688
INFO: [runtcl-6] Synthesis results are not added to the cache due to CRITICAL_WARNING
INFO: [Common 17-1381] The checkpoint 'C:/Users/mavri/Documents/GitHub/VerilogSnake/Verilog_Snake/Verilog_Snake.runs/synth_1/snake_top.dcp' has been generated.
INFO: [runtcl-4] Executing : report_utilization -file snake_top_utilization_synth.rpt -pb snake_top_utilization_synth.pb
INFO: [Common 17-206] Exiting Vivado at Sun May 11 16:56:11 2025...
