Time resolution is 1 ps
random x_tb        261
random y_tb        432
random x    x
random Y    x
random x_tb        226
random y_tb        224
random x   14
random Y  443
random x_tb        537
random y_tb        221
random x  532
random Y  398
random x_tb        401
random y_tb        336
random x  211
random Y  446
random x_tb        213
random y_tb        451
random x  637
random Y   72
random x_tb         46
random y_tb        157
random x  498
random Y  142
random x_tb         79
random y_tb        145
random x  474
random Y  438
random x_tb        542
random y_tb         35
random x  617
random Y  349
random x_tb        526
random y_tb        239
random x  204
random Y  221
random x_tb         36
random y_tb        456
random x  271
random Y  387
random x_tb        123
random y_tb        349
random x  180
random Y  301
random x_tb        437
random y_tb        168
random x  238
random Y   98
random x_tb        435
random y_tb        383
random x  359
random Y   46
random x_tb        155
random y_tb         85
random x  333
random Y  294
random x_tb         45
random y_tb        337
random x   28
random Y  407
random x_tb        565
random y_tb        248
random x   11
random Y  166
random x_tb        516
random y_tb         99
random x  625
random Y   63
random x_tb        490
random y_tb        380
random x   14
random Y   97
random x_tb        217
random y_tb        177
random x    3
random Y  333
random x_tb        128
random y_tb        268
random x  128
random Y  220
$finish called at time : 1 us : File "C:/Users/mavri/Documents/GitHub/VerilogSnake/Verilog_Snake/Verilog_Snake.srcs/sim_1/new/apple_spawn_TB.v" Line 40
